2023-07-31 13:30:31 INFO  Log:9 - =====================================LoginPageTest TEST START=========================================
2023-07-31 13:30:31 INFO  Log:20 - User is going to click on signIn
2023-07-31 13:30:32 INFO  Log:20 - User enters username and password
2023-07-31 13:30:35 INFO  Log:20 - Verify user is able to login
2023-07-31 13:30:35 INFO  Log:20 - login is success
2023-07-31 13:30:35 INFO  Log:13 - =====================================LoginPageTest TEST END=========================================
2023-07-31 15:47:09 INFO  Log:9 - =====================================LoginPageTest TEST START=========================================
2023-07-31 15:47:09 INFO  Log:20 - User is going to click on signIn
2023-07-31 15:47:10 INFO  Log:20 - User enters username and password
2023-07-31 15:47:13 INFO  Log:20 - Verify user is able to login
2023-07-31 15:47:13 INFO  Log:20 - login is success
2023-07-31 16:14:49 INFO  Log:9 - =====================================LoginPageTest TEST START=========================================
2023-07-31 16:14:49 INFO  Log:20 - User is going to click on signIn
2023-07-31 16:14:51 INFO  Log:20 - User enters username and password
2023-07-31 16:14:53 INFO  Log:20 - Verify user is able to login
2023-07-31 16:14:53 INFO  Log:20 - login is success
2023-07-31 16:23:02 INFO  Log:9 - =====================================LoginPageTest TEST START=========================================
2023-07-31 16:23:02 INFO  Log:20 - User is going to click on signIn
2023-07-31 16:27:20 INFO  Log:9 - =====================================LoginPageTest TEST START=========================================
2023-07-31 16:27:20 INFO  Log:20 - User is going to click on signIn
2023-07-31 16:27:21 INFO  Log:20 - User enters username and password
2023-07-31 16:27:24 INFO  Log:20 - Verify user is able to login
2023-07-31 16:27:24 INFO  Log:20 - login is success
2023-07-31 16:29:28 INFO  Log:9 - =====================================LoginPageTest TEST START=========================================
2023-07-31 16:29:28 INFO  Log:20 - User is going to click on signIn
2023-07-31 16:31:00 INFO  Log:9 - =====================================LoginPageTest TEST START=========================================
2023-07-31 16:31:00 INFO  Log:20 - User is going to click on signIn
2023-07-31 16:35:55 INFO  Log:9 - =====================================LoginPageTest TEST START=========================================
2023-07-31 16:35:55 INFO  Log:20 - User is going to click on signIn
2023-07-31 16:35:56 INFO  Log:20 - User enters username and password
2023-07-31 16:35:59 INFO  Log:20 - Verify user is able to login
2023-07-31 16:35:59 INFO  Log:20 - login is success
2023-08-04 13:05:12 INFO  Log:9 - =====================================LoginPageTest TEST START=========================================
2023-08-04 13:05:12 INFO  Log:20 - User is going to click on signIn
2023-08-04 13:05:14 INFO  Log:20 - User enters username and password
2023-08-04 13:05:17 INFO  Log:20 - Verify user is able to login
2023-08-04 13:05:17 INFO  Log:20 - login is success
2023-08-04 13:24:47 INFO  Log:9 - =====================================LoginPageTest TEST START=========================================
2023-08-04 13:24:47 INFO  Log:20 - User is going to click on signIn
2023-08-04 13:25:41 INFO  Log:9 - =====================================LoginPageTest TEST START=========================================
2023-08-04 13:25:41 INFO  Log:20 - User is going to click on signIn
2023-08-04 13:25:42 INFO  Log:20 - User enters username and password
2023-08-04 13:25:46 INFO  Log:20 - Verify user is able to login
2023-08-04 13:25:46 INFO  Log:20 - login is success
2023-08-04 13:26:05 INFO  Log:9 - =====================================LoginPageTest TEST START=========================================
2023-08-04 13:26:05 INFO  Log:20 - User is going to click on signIn
2023-08-04 13:26:06 INFO  Log:20 - User enters username and password
2023-08-04 13:26:09 INFO  Log:20 - Verify user is able to login
2023-08-04 13:26:09 INFO  Log:20 - login is success
2023-08-05 12:54:54 INFO  Log:9 - =====================================LoginPageTest TEST START=========================================
2023-08-05 12:54:54 INFO  Log:20 - User is going to click on signIn
2023-08-05 12:54:56 INFO  Log:20 - User enters username and password
2023-08-05 12:55:02 INFO  Log:20 - Verify user is able to login
2023-08-05 12:55:02 INFO  Log:20 - login is success
2023-08-05 13:00:12 INFO  Log:9 - =====================================LoginPageTest TEST START=========================================
2023-08-05 13:00:12 INFO  Log:20 - User is going to click on signIn
2023-08-05 13:00:13 INFO  Log:20 - User enters username and password
2023-08-05 13:00:19 INFO  Log:20 - Verify user is able to login
2023-08-05 13:00:19 INFO  Log:20 - login is success
2023-08-05 13:03:24 INFO  Log:9 - =====================================LoginPageTest TEST START=========================================
2023-08-05 13:03:24 INFO  Log:20 - User is going to click on signIn
2023-08-05 13:03:29 INFO  Log:20 - User enters username and password
2023-08-05 13:03:36 INFO  Log:20 - Verify user is able to login
2023-08-05 13:03:36 INFO  Log:20 - login is success
